{"D:\\Belajar\\Node Js\\assesment-3\\calc.js": {"path":"D:\\Belajar\\Node Js\\assesment-3\\calc.js","statementMap":{"0":{"start":{"line":1,"column":12},"end":{"line":7,"column":1}},"1":{"start":{"line":2,"column":4},"end":{"line":2,"column":43}},"2":{"start":{"line":2,"column":30},"end":{"line":2,"column":43}},"3":{"start":{"line":3,"column":4},"end":{"line":5,"column":5}},"4":{"start":{"line":4,"column":8},"end":{"line":4,"column":45}},"5":{"start":{"line":6,"column":4},"end":{"line":6,"column":37}},"6":{"start":{"line":9,"column":12},"end":{"line":15,"column":1}},"7":{"start":{"line":10,"column":4},"end":{"line":10,"column":43}},"8":{"start":{"line":10,"column":30},"end":{"line":10,"column":43}},"9":{"start":{"line":11,"column":4},"end":{"line":13,"column":5}},"10":{"start":{"line":12,"column":8},"end":{"line":12,"column":45}},"11":{"start":{"line":14,"column":4},"end":{"line":14,"column":37}},"12":{"start":{"line":17,"column":12},"end":{"line":23,"column":1}},"13":{"start":{"line":18,"column":4},"end":{"line":18,"column":43}},"14":{"start":{"line":18,"column":30},"end":{"line":18,"column":43}},"15":{"start":{"line":19,"column":4},"end":{"line":21,"column":5}},"16":{"start":{"line":20,"column":8},"end":{"line":20,"column":45}},"17":{"start":{"line":22,"column":4},"end":{"line":22,"column":37}},"18":{"start":{"line":25,"column":12},"end":{"line":31,"column":1}},"19":{"start":{"line":26,"column":4},"end":{"line":26,"column":43}},"20":{"start":{"line":26,"column":30},"end":{"line":26,"column":43}},"21":{"start":{"line":27,"column":4},"end":{"line":29,"column":5}},"22":{"start":{"line":28,"column":8},"end":{"line":28,"column":45}},"23":{"start":{"line":30,"column":4},"end":{"line":30,"column":37}},"24":{"start":{"line":33,"column":19},"end":{"line":60,"column":1}},"25":{"start":{"line":34,"column":4},"end":{"line":34,"column":43}},"26":{"start":{"line":34,"column":30},"end":{"line":34,"column":43}},"27":{"start":{"line":35,"column":4},"end":{"line":59,"column":5}},"28":{"start":{"line":36,"column":8},"end":{"line":46,"column":9}},"29":{"start":{"line":37,"column":12},"end":{"line":37,"column":49}},"30":{"start":{"line":38,"column":15},"end":{"line":46,"column":9}},"31":{"start":{"line":39,"column":12},"end":{"line":39,"column":49}},"32":{"start":{"line":40,"column":15},"end":{"line":46,"column":9}},"33":{"start":{"line":41,"column":12},"end":{"line":41,"column":49}},"34":{"start":{"line":42,"column":15},"end":{"line":46,"column":9}},"35":{"start":{"line":43,"column":12},"end":{"line":43,"column":49}},"36":{"start":{"line":45,"column":12},"end":{"line":45,"column":37}},"37":{"start":{"line":48,"column":8},"end":{"line":58,"column":9}},"38":{"start":{"line":49,"column":12},"end":{"line":49,"column":45}},"39":{"start":{"line":50,"column":15},"end":{"line":58,"column":9}},"40":{"start":{"line":51,"column":12},"end":{"line":51,"column":45}},"41":{"start":{"line":52,"column":15},"end":{"line":58,"column":9}},"42":{"start":{"line":53,"column":12},"end":{"line":53,"column":45}},"43":{"start":{"line":54,"column":15},"end":{"line":58,"column":9}},"44":{"start":{"line":55,"column":12},"end":{"line":55,"column":45}},"45":{"start":{"line":57,"column":12},"end":{"line":57,"column":37}},"46":{"start":{"line":62,"column":14},"end":{"line":64,"column":1}},"47":{"start":{"line":63,"column":4},"end":{"line":63,"column":21}},"48":{"start":{"line":66,"column":0},"end":{"line":68,"column":1}}},"fnMap":{"0":{"name":"(anonymous_0)","decl":{"start":{"line":1,"column":12},"end":{"line":1,"column":13}},"loc":{"start":{"line":1,"column":22},"end":{"line":7,"column":1}},"line":1},"1":{"name":"(anonymous_1)","decl":{"start":{"line":9,"column":12},"end":{"line":9,"column":13}},"loc":{"start":{"line":9,"column":22},"end":{"line":15,"column":1}},"line":9},"2":{"name":"(anonymous_2)","decl":{"start":{"line":17,"column":12},"end":{"line":17,"column":13}},"loc":{"start":{"line":17,"column":22},"end":{"line":23,"column":1}},"line":17},"3":{"name":"(anonymous_3)","decl":{"start":{"line":25,"column":12},"end":{"line":25,"column":13}},"loc":{"start":{"line":25,"column":22},"end":{"line":31,"column":1}},"line":25},"4":{"name":"(anonymous_4)","decl":{"start":{"line":33,"column":19},"end":{"line":33,"column":20}},"loc":{"start":{"line":33,"column":39},"end":{"line":60,"column":1}},"line":33},"5":{"name":"(anonymous_5)","decl":{"start":{"line":62,"column":14},"end":{"line":62,"column":15}},"loc":{"start":{"line":62,"column":24},"end":{"line":64,"column":1}},"line":62}},"branchMap":{"0":{"loc":{"start":{"line":2,"column":4},"end":{"line":2,"column":43}},"type":"if","locations":[{"start":{"line":2,"column":4},"end":{"line":2,"column":43}},{"start":{"line":2,"column":4},"end":{"line":2,"column":43}}],"line":2},"1":{"loc":{"start":{"line":2,"column":8},"end":{"line":2,"column":28}},"type":"binary-expr","locations":[{"start":{"line":2,"column":8},"end":{"line":2,"column":16}},{"start":{"line":2,"column":20},"end":{"line":2,"column":28}}],"line":2},"2":{"loc":{"start":{"line":3,"column":4},"end":{"line":5,"column":5}},"type":"if","locations":[{"start":{"line":3,"column":4},"end":{"line":5,"column":5}},{"start":{"line":3,"column":4},"end":{"line":5,"column":5}}],"line":3},"3":{"loc":{"start":{"line":3,"column":8},"end":{"line":3,"column":68}},"type":"binary-expr","locations":[{"start":{"line":3,"column":8},"end":{"line":3,"column":36}},{"start":{"line":3,"column":40},"end":{"line":3,"column":68}}],"line":3},"4":{"loc":{"start":{"line":10,"column":4},"end":{"line":10,"column":43}},"type":"if","locations":[{"start":{"line":10,"column":4},"end":{"line":10,"column":43}},{"start":{"line":10,"column":4},"end":{"line":10,"column":43}}],"line":10},"5":{"loc":{"start":{"line":10,"column":8},"end":{"line":10,"column":28}},"type":"binary-expr","locations":[{"start":{"line":10,"column":8},"end":{"line":10,"column":16}},{"start":{"line":10,"column":20},"end":{"line":10,"column":28}}],"line":10},"6":{"loc":{"start":{"line":11,"column":4},"end":{"line":13,"column":5}},"type":"if","locations":[{"start":{"line":11,"column":4},"end":{"line":13,"column":5}},{"start":{"line":11,"column":4},"end":{"line":13,"column":5}}],"line":11},"7":{"loc":{"start":{"line":11,"column":8},"end":{"line":11,"column":68}},"type":"binary-expr","locations":[{"start":{"line":11,"column":8},"end":{"line":11,"column":36}},{"start":{"line":11,"column":40},"end":{"line":11,"column":68}}],"line":11},"8":{"loc":{"start":{"line":18,"column":4},"end":{"line":18,"column":43}},"type":"if","locations":[{"start":{"line":18,"column":4},"end":{"line":18,"column":43}},{"start":{"line":18,"column":4},"end":{"line":18,"column":43}}],"line":18},"9":{"loc":{"start":{"line":18,"column":8},"end":{"line":18,"column":28}},"type":"binary-expr","locations":[{"start":{"line":18,"column":8},"end":{"line":18,"column":16}},{"start":{"line":18,"column":20},"end":{"line":18,"column":28}}],"line":18},"10":{"loc":{"start":{"line":19,"column":4},"end":{"line":21,"column":5}},"type":"if","locations":[{"start":{"line":19,"column":4},"end":{"line":21,"column":5}},{"start":{"line":19,"column":4},"end":{"line":21,"column":5}}],"line":19},"11":{"loc":{"start":{"line":19,"column":8},"end":{"line":19,"column":68}},"type":"binary-expr","locations":[{"start":{"line":19,"column":8},"end":{"line":19,"column":36}},{"start":{"line":19,"column":40},"end":{"line":19,"column":68}}],"line":19},"12":{"loc":{"start":{"line":26,"column":4},"end":{"line":26,"column":43}},"type":"if","locations":[{"start":{"line":26,"column":4},"end":{"line":26,"column":43}},{"start":{"line":26,"column":4},"end":{"line":26,"column":43}}],"line":26},"13":{"loc":{"start":{"line":26,"column":8},"end":{"line":26,"column":28}},"type":"binary-expr","locations":[{"start":{"line":26,"column":8},"end":{"line":26,"column":16}},{"start":{"line":26,"column":20},"end":{"line":26,"column":28}}],"line":26},"14":{"loc":{"start":{"line":27,"column":4},"end":{"line":29,"column":5}},"type":"if","locations":[{"start":{"line":27,"column":4},"end":{"line":29,"column":5}},{"start":{"line":27,"column":4},"end":{"line":29,"column":5}}],"line":27},"15":{"loc":{"start":{"line":27,"column":8},"end":{"line":27,"column":68}},"type":"binary-expr","locations":[{"start":{"line":27,"column":8},"end":{"line":27,"column":36}},{"start":{"line":27,"column":40},"end":{"line":27,"column":68}}],"line":27},"16":{"loc":{"start":{"line":34,"column":4},"end":{"line":34,"column":43}},"type":"if","locations":[{"start":{"line":34,"column":4},"end":{"line":34,"column":43}},{"start":{"line":34,"column":4},"end":{"line":34,"column":43}}],"line":34},"17":{"loc":{"start":{"line":34,"column":8},"end":{"line":34,"column":28}},"type":"binary-expr","locations":[{"start":{"line":34,"column":8},"end":{"line":34,"column":16}},{"start":{"line":34,"column":20},"end":{"line":34,"column":28}}],"line":34},"18":{"loc":{"start":{"line":35,"column":4},"end":{"line":59,"column":5}},"type":"if","locations":[{"start":{"line":35,"column":4},"end":{"line":59,"column":5}},{"start":{"line":35,"column":4},"end":{"line":59,"column":5}}],"line":35},"19":{"loc":{"start":{"line":35,"column":8},"end":{"line":35,"column":68}},"type":"binary-expr","locations":[{"start":{"line":35,"column":8},"end":{"line":35,"column":36}},{"start":{"line":35,"column":40},"end":{"line":35,"column":68}}],"line":35},"20":{"loc":{"start":{"line":36,"column":8},"end":{"line":46,"column":9}},"type":"if","locations":[{"start":{"line":36,"column":8},"end":{"line":46,"column":9}},{"start":{"line":36,"column":8},"end":{"line":46,"column":9}}],"line":36},"21":{"loc":{"start":{"line":38,"column":15},"end":{"line":46,"column":9}},"type":"if","locations":[{"start":{"line":38,"column":15},"end":{"line":46,"column":9}},{"start":{"line":38,"column":15},"end":{"line":46,"column":9}}],"line":38},"22":{"loc":{"start":{"line":40,"column":15},"end":{"line":46,"column":9}},"type":"if","locations":[{"start":{"line":40,"column":15},"end":{"line":46,"column":9}},{"start":{"line":40,"column":15},"end":{"line":46,"column":9}}],"line":40},"23":{"loc":{"start":{"line":42,"column":15},"end":{"line":46,"column":9}},"type":"if","locations":[{"start":{"line":42,"column":15},"end":{"line":46,"column":9}},{"start":{"line":42,"column":15},"end":{"line":46,"column":9}}],"line":42},"24":{"loc":{"start":{"line":48,"column":8},"end":{"line":58,"column":9}},"type":"if","locations":[{"start":{"line":48,"column":8},"end":{"line":58,"column":9}},{"start":{"line":48,"column":8},"end":{"line":58,"column":9}}],"line":48},"25":{"loc":{"start":{"line":50,"column":15},"end":{"line":58,"column":9}},"type":"if","locations":[{"start":{"line":50,"column":15},"end":{"line":58,"column":9}},{"start":{"line":50,"column":15},"end":{"line":58,"column":9}}],"line":50},"26":{"loc":{"start":{"line":52,"column":15},"end":{"line":58,"column":9}},"type":"if","locations":[{"start":{"line":52,"column":15},"end":{"line":58,"column":9}},{"start":{"line":52,"column":15},"end":{"line":58,"column":9}}],"line":52},"27":{"loc":{"start":{"line":54,"column":15},"end":{"line":58,"column":9}},"type":"if","locations":[{"start":{"line":54,"column":15},"end":{"line":58,"column":9}},{"start":{"line":54,"column":15},"end":{"line":58,"column":9}}],"line":54}},"s":{"0":1,"1":5,"2":1,"3":4,"4":2,"5":2,"6":1,"7":1,"8":0,"9":1,"10":0,"11":1,"12":1,"13":1,"14":0,"15":1,"16":0,"17":1,"18":1,"19":1,"20":0,"21":1,"22":0,"23":1,"24":1,"25":5,"26":0,"27":5,"28":0,"29":0,"30":0,"31":0,"32":0,"33":0,"34":0,"35":0,"36":0,"37":5,"38":1,"39":4,"40":1,"41":3,"42":1,"43":2,"44":1,"45":1,"46":1,"47":0,"48":1},"f":{"0":5,"1":1,"2":1,"3":1,"4":5,"5":0},"b":{"0":[1,4],"1":[5,5],"2":[2,2],"3":[4,3],"4":[0,1],"5":[1,1],"6":[0,1],"7":[1,1],"8":[0,1],"9":[1,1],"10":[0,1],"11":[1,1],"12":[0,1],"13":[1,1],"14":[0,1],"15":[1,1],"16":[0,5],"17":[5,5],"18":[0,5],"19":[5,5],"20":[0,0],"21":[0,0],"22":[0,0],"23":[0,0],"24":[1,4],"25":[1,3],"26":[1,2],"27":[1,1]},"_coverageSchema":"43e27e138ebf9cfc5966b082cf9a028302ed4184","hash":"94c8d12bf155d861afb56e9deb24bbd661f101ef"}
}
