TN:
SF:D:\Belajar\Node Js\assesment-3\calc.js
FN:1,(anonymous_0)
FN:9,(anonymous_1)
FN:17,(anonymous_2)
FN:25,(anonymous_3)
FN:33,(anonymous_4)
FN:62,(anonymous_5)
FNF:6
FNH:5
FNDA:5,(anonymous_0)
FNDA:1,(anonymous_1)
FNDA:1,(anonymous_2)
FNDA:1,(anonymous_3)
FNDA:5,(anonymous_4)
FNDA:0,(anonymous_5)
DA:1,1
DA:2,5
DA:3,4
DA:4,2
DA:6,2
DA:9,1
DA:10,1
DA:11,1
DA:12,0
DA:14,1
DA:17,1
DA:18,1
DA:19,1
DA:20,0
DA:22,1
DA:25,1
DA:26,1
DA:27,1
DA:28,0
DA:30,1
DA:33,1
DA:34,5
DA:35,5
DA:36,0
DA:37,0
DA:38,0
DA:39,0
DA:40,0
DA:41,0
DA:42,0
DA:43,0
DA:45,0
DA:48,5
DA:49,1
DA:50,4
DA:51,1
DA:52,3
DA:53,1
DA:54,2
DA:55,1
DA:57,1
DA:62,1
DA:63,0
DA:66,1
LF:44
LH:31
BRDA:2,0,0,1
BRDA:2,0,1,4
BRDA:2,1,0,5
BRDA:2,1,1,5
BRDA:3,2,0,2
BRDA:3,2,1,2
BRDA:3,3,0,4
BRDA:3,3,1,3
BRDA:10,4,0,0
BRDA:10,4,1,1
BRDA:10,5,0,1
BRDA:10,5,1,1
BRDA:11,6,0,0
BRDA:11,6,1,1
BRDA:11,7,0,1
BRDA:11,7,1,1
BRDA:18,8,0,0
BRDA:18,8,1,1
BRDA:18,9,0,1
BRDA:18,9,1,1
BRDA:19,10,0,0
BRDA:19,10,1,1
BRDA:19,11,0,1
BRDA:19,11,1,1
BRDA:26,12,0,0
BRDA:26,12,1,1
BRDA:26,13,0,1
BRDA:26,13,1,1
BRDA:27,14,0,0
BRDA:27,14,1,1
BRDA:27,15,0,1
BRDA:27,15,1,1
BRDA:34,16,0,0
BRDA:34,16,1,5
BRDA:34,17,0,5
BRDA:34,17,1,5
BRDA:35,18,0,0
BRDA:35,18,1,5
BRDA:35,19,0,5
BRDA:35,19,1,5
BRDA:36,20,0,0
BRDA:36,20,1,0
BRDA:38,21,0,0
BRDA:38,21,1,0
BRDA:40,22,0,0
BRDA:40,22,1,0
BRDA:42,23,0,0
BRDA:42,23,1,0
BRDA:48,24,0,1
BRDA:48,24,1,4
BRDA:50,25,0,1
BRDA:50,25,1,3
BRDA:52,26,0,1
BRDA:52,26,1,2
BRDA:54,27,0,1
BRDA:54,27,1,1
BRF:56
BRH:40
end_of_record
